[2024-01-12 11:20:49.619] [Speck2fBoards] [info] Speck 2f dev kit initialized.
[2024-01-12 11:20:52.380] [Speck2fBoards] [info] Speck 2f model initialized.
[2024-01-12 11:46:18.941] [Speck2fBoards] [info] Speck 2f dev kit initialized.
[2024-01-12 11:46:21.709] [Speck2fBoards] [info] Speck 2f model initialized.
[2024-01-12 13:05:14.951] [Speck2fBoards] [info] Speck 2f dev kit initialized.
[2024-01-12 13:05:17.722] [Speck2fBoards] [info] Speck 2f model initialized.
[2024-01-15 10:32:05.186] [Speck2fBoards] [info] Speck 2f dev kit initialized.
[2024-01-15 10:32:07.936] [Speck2fBoards] [info] Speck 2f model initialized.
[2024-01-15 11:15:44.677] [Speck2fBoards] [info] Speck 2f dev kit initialized.
[2024-01-15 11:15:47.452] [Speck2fBoards] [info] Speck 2f model initialized.
[2024-01-15 11:22:45.519] [Speck2fBoards] [info] Speck 2f dev kit initialized.
[2024-01-15 11:22:48.271] [Speck2fBoards] [info] Speck 2f model initialized.
[2024-01-15 11:39:52.704] [Speck2fBoards] [info] Speck 2f dev kit initialized.
[2024-01-15 11:39:55.467] [Speck2fBoards] [info] Speck 2f model initialized.
[2024-01-15 12:37:30.955] [Speck2fBoards] [info] Speck 2f dev kit initialized.
[2024-01-15 12:37:33.729] [Speck2fBoards] [info] Speck 2f model initialized.
[2024-01-15 14:54:11.840] [Speck2fBoards] [info] Speck 2f dev kit initialized.
[2024-01-15 14:54:14.603] [Speck2fBoards] [info] Speck 2f model initialized.
[2024-01-15 15:00:15.803] [Speck2fBoards] [info] Speck 2f dev kit initialized.
[2024-01-15 15:00:18.588] [Speck2fBoards] [info] Speck 2f model initialized.
[2024-01-15 16:00:09.813] [Speck2fBoards] [info] Speck 2f dev kit initialized.
[2024-01-15 16:00:12.603] [Speck2fBoards] [info] Speck 2f model initialized.
[2024-01-15 16:15:42.951] [Speck2fBoards] [info] Speck 2f dev kit initialized.
[2024-01-15 16:15:45.738] [Speck2fBoards] [info] Speck 2f model initialized.
[2024-01-15 16:17:30.377] [Speck2fBoards] [info] Speck 2f dev kit initialized.
[2024-01-15 16:17:33.168] [Speck2fBoards] [info] Speck 2f model initialized.
[2024-01-17 10:18:44.585] [Speck2fBoards] [info] Speck 2f dev kit initialized.
[2024-01-17 10:18:47.346] [Speck2fBoards] [info] Speck 2f model initialized.
[2024-01-17 10:37:12.439] [Speck2fBoards] [info] Speck 2f dev kit initialized.
[2024-01-17 10:37:15.212] [Speck2fBoards] [info] Speck 2f model initialized.
[2024-01-17 10:43:30.681] [Speck2fBoards] [info] Speck 2f dev kit initialized.
[2024-01-17 10:43:33.442] [Speck2fBoards] [info] Speck 2f model initialized.
[2024-01-17 10:48:40.820] [Speck2fBoards] [info] Speck 2f dev kit initialized.
[2024-01-17 10:48:43.595] [Speck2fBoards] [info] Speck 2f model initialized.
[2024-01-17 11:26:05.310] [Speck2fBoards] [info] Speck 2f dev kit initialized.
[2024-01-17 11:26:08.079] [Speck2fBoards] [info] Speck 2f model initialized.
[2024-01-17 13:54:06.992] [Speck2fBoards] [info] Speck 2f dev kit initialized.
[2024-01-17 13:54:09.752] [Speck2fBoards] [info] Speck 2f model initialized.
[2024-01-17 14:06:19.380] [Speck2fBoards] [info] Speck 2f dev kit initialized.
[2024-01-17 14:06:22.148] [Speck2fBoards] [info] Speck 2f model initialized.
[2024-01-17 14:12:30.599] [Speck2fBoards] [info] Speck 2f dev kit initialized.
[2024-01-17 14:12:33.367] [Speck2fBoards] [info] Speck 2f model initialized.
[2024-01-17 14:42:26.112] [Speck2fBoards] [info] Speck 2f dev kit initialized.
[2024-01-17 14:42:28.883] [Speck2fBoards] [info] Speck 2f model initialized.
[2024-01-17 14:46:21.503] [Speck2fBoards] [info] Speck 2f dev kit initialized.
[2024-01-17 14:46:24.280] [Speck2fBoards] [info] Speck 2f model initialized.
[2024-01-17 14:50:25.090] [Speck2fBoards] [info] Speck 2f dev kit initialized.
[2024-01-17 14:50:27.861] [Speck2fBoards] [info] Speck 2f model initialized.
[2024-01-17 14:54:29.882] [Speck2fBoards] [info] Speck 2f dev kit initialized.
[2024-01-17 14:54:32.664] [Speck2fBoards] [info] Speck 2f model initialized.
[2024-01-17 14:58:32.612] [Speck2fBoards] [info] Speck 2f dev kit initialized.
[2024-01-17 14:58:35.386] [Speck2fBoards] [info] Speck 2f model initialized.
[2024-01-17 15:16:05.246] [Speck2fBoards] [info] Speck 2f dev kit initialized.
[2024-01-17 15:16:08.030] [Speck2fBoards] [info] Speck 2f model initialized.
[2024-01-19 12:04:49.985] [Speck2fBoards] [info] Speck 2f dev kit initialized.
[2024-01-19 12:04:52.758] [Speck2fBoards] [info] Speck 2f model initialized.
[2024-01-19 12:18:52.277] [Speck2fBoards] [info] Speck 2f dev kit initialized.
[2024-01-19 12:18:55.053] [Speck2fBoards] [info] Speck 2f model initialized.
[2024-01-19 13:10:36.651] [Speck2fBoards] [info] Speck 2f dev kit initialized.
[2024-01-19 13:10:39.429] [Speck2fBoards] [info] Speck 2f model initialized.
[2024-01-19 14:23:53.873] [Speck2fBoards] [info] Speck 2f dev kit initialized.
[2024-01-19 14:23:56.635] [Speck2fBoards] [info] Speck 2f model initialized.
[2024-01-19 14:53:40.802] [Speck2fBoards] [info] Speck 2f dev kit initialized.
[2024-01-19 14:53:43.587] [Speck2fBoards] [info] Speck 2f model initialized.
[2024-01-19 15:07:53.740] [Speck2fBoards] [info] Speck 2f dev kit initialized.
[2024-01-19 15:07:56.520] [Speck2fBoards] [info] Speck 2f model initialized.
[2024-01-19 15:30:12.493] [Speck2fBoards] [info] Speck 2f dev kit initialized.
[2024-01-19 15:30:15.249] [Speck2fBoards] [info] Speck 2f model initialized.
[2024-01-19 15:35:27.029] [Speck2fBoards] [info] Speck 2f dev kit initialized.
[2024-01-19 15:35:29.788] [Speck2fBoards] [info] Speck 2f model initialized.
[2024-01-19 15:39:34.267] [Speck2fBoards] [info] Speck 2f dev kit initialized.
[2024-01-19 15:39:37.038] [Speck2fBoards] [info] Speck 2f model initialized.
[2024-01-19 15:42:06.044] [Speck2fBoards] [info] Speck 2f dev kit initialized.
[2024-01-19 15:42:08.821] [Speck2fBoards] [info] Speck 2f model initialized.
[2024-01-19 15:44:40.808] [Speck2fBoards] [info] Speck 2f dev kit initialized.
[2024-01-19 15:44:43.580] [Speck2fBoards] [info] Speck 2f model initialized.
[2024-01-19 16:23:27.868] [Speck2fBoards] [info] Speck 2f dev kit initialized.
[2024-01-19 16:23:30.648] [Speck2fBoards] [info] Speck 2f model initialized.
[2024-01-19 16:23:30.648] [ZMQ] [info] ZMQPublisher set endpoint: tcp://0.0.0.0:40000
[2024-01-19 16:23:30.648] [ZMQ] [info] ZMQPublisher set endpoint: tcp://0.0.0.0:39351
[2024-01-19 16:36:41.910] [Speck2fBoards] [info] Speck 2f dev kit initialized.
[2024-01-19 16:36:44.711] [Speck2fBoards] [info] Speck 2f model initialized.
[2024-01-19 16:36:44.712] [ZMQ] [info] ZMQPublisher set endpoint: tcp://0.0.0.0:40000
[2024-01-19 16:36:44.712] [ZMQ] [info] ZMQPublisher set endpoint: tcp://0.0.0.0:46963
[2024-01-19 16:37:55.709] [Graph] [warning] Graph is destroyed while running! Note: Filter nodes constructed by `sequential` method won't work after corresponding graph is destroyed and please manually stop the graph after use.
[2024-01-19 16:38:06.327] [Speck2fBoards] [info] Speck 2f dev kit initialized.
[2024-01-19 16:38:22.689] [Speck2fBoards] [info] Speck 2f dev kit initialized.
[2024-01-19 16:38:37.434] [Speck2fBoards] [info] Speck 2f dev kit initialized.
[2024-01-19 16:38:40.216] [Speck2fBoards] [info] Speck 2f model initialized.
[2024-01-19 16:38:40.219] [ZMQ] [info] ZMQPublisher set endpoint: tcp://0.0.0.0:40000
[2024-01-19 16:38:40.219] [ZMQ] [info] ZMQPublisher set endpoint: tcp://0.0.0.0:40971
[2024-01-19 16:40:24.092] [Graph] [warning] Graph is destroyed while running! Note: Filter nodes constructed by `sequential` method won't work after corresponding graph is destroyed and please manually stop the graph after use.
[2024-01-19 16:41:13.589] [Speck2fBoards] [info] Speck 2f dev kit initialized.
[2024-01-19 16:41:32.876] [Speck2fBoards] [info] Speck 2f dev kit initialized.
[2024-01-19 16:41:35.640] [Speck2fBoards] [info] Speck 2f model initialized.
[2024-01-19 16:41:35.640] [ZMQ] [info] ZMQPublisher set endpoint: tcp://0.0.0.0:40000
[2024-01-19 16:41:35.640] [ZMQ] [info] ZMQPublisher set endpoint: tcp://0.0.0.0:49505
[2024-01-19 16:41:53.284] [Speck2fBoards] [info] Speck 2f dev kit initialized.
[2024-01-19 16:41:56.051] [Speck2fBoards] [info] Speck 2f model initialized.
[2024-01-19 16:41:56.052] [ZMQ] [info] ZMQPublisher set endpoint: tcp://0.0.0.0:40000
[2024-01-19 16:41:56.052] [ZMQ] [info] ZMQPublisher set endpoint: tcp://0.0.0.0:51081
[2024-01-19 16:44:52.509] [Speck2fBoards] [info] Speck 2f dev kit initialized.
[2024-01-19 16:45:11.352] [Speck2fBoards] [info] Speck 2f dev kit initialized.
[2024-01-19 16:45:14.127] [Speck2fBoards] [info] Speck 2f model initialized.
[2024-01-19 16:45:14.127] [ZMQ] [info] ZMQPublisher set endpoint: tcp://0.0.0.0:40000
[2024-01-19 16:45:14.127] [ZMQ] [info] ZMQPublisher set endpoint: tcp://0.0.0.0:40389
[2024-01-19 16:46:36.530] [Speck2fBoards] [info] Speck 2f dev kit initialized.
[2024-01-19 16:46:39.296] [Speck2fBoards] [info] Speck 2f model initialized.
[2024-01-19 16:46:39.296] [ZMQ] [info] ZMQPublisher set endpoint: tcp://0.0.0.0:40000
[2024-01-19 16:46:39.297] [ZMQ] [info] ZMQPublisher set endpoint: tcp://0.0.0.0:57463
[2024-01-19 17:06:36.131] [Speck2fBoards] [info] Speck 2f dev kit initialized.
[2024-01-19 17:12:09.618] [Speck2fBoards] [info] Speck 2f dev kit initialized.
[2024-01-19 17:12:12.387] [Speck2fBoards] [info] Speck 2f model initialized.
[2024-01-22 15:18:32.529] [Speck2fBoards] [info] Speck 2f dev kit initialized.
[2024-01-22 15:18:35.288] [Speck2fBoards] [info] Speck 2f model initialized.
[2024-01-22 15:18:35.289] [ZMQ] [info] ZMQPublisher set endpoint: tcp://0.0.0.0:40000
[2024-01-22 15:18:35.289] [ZMQ] [info] ZMQPublisher set endpoint: tcp://0.0.0.0:44557
[2024-01-22 15:26:08.231] [Speck2fBoards] [info] Speck 2f dev kit initialized.
[2024-01-22 15:31:48.828] [Speck2fBoards] [info] Speck 2f dev kit initialized.
[2024-01-22 15:31:51.606] [Speck2fBoards] [info] Speck 2f model initialized.
[2024-01-22 15:38:35.206] [Speck2fBoards] [info] Speck 2f dev kit initialized.
[2024-01-22 15:38:37.975] [Speck2fBoards] [info] Speck 2f model initialized.
[2024-01-22 15:45:46.584] [Speck2fBoards] [info] Speck 2f dev kit initialized.
[2024-01-22 15:45:49.357] [Speck2fBoards] [info] Speck 2f model initialized.
[2024-01-22 16:00:47.395] [Speck2fBoards] [info] Speck 2f dev kit initialized.
[2024-01-22 16:00:50.164] [Speck2fBoards] [info] Speck 2f model initialized.
[2024-01-22 16:13:12.204] [Speck2fBoards] [info] Speck 2f dev kit initialized.
[2024-01-22 16:18:33.805] [Speck2fBoards] [info] Speck 2f dev kit initialized.
[2024-01-22 16:18:36.577] [Speck2fBoards] [info] Speck 2f model initialized.
[2024-01-22 16:38:44.223] [Speck2fBoards] [info] Speck 2f dev kit initialized.
[2024-01-22 16:38:46.991] [Speck2fBoards] [info] Speck 2f model initialized.
[2024-01-22 16:50:34.588] [Speck2fBoards] [info] Speck 2f dev kit initialized.
[2024-01-22 16:50:37.360] [Speck2fBoards] [info] Speck 2f model initialized.
[2024-01-22 16:53:14.095] [Speck2fBoards] [info] Speck 2f dev kit initialized.
[2024-01-22 16:53:16.863] [Speck2fBoards] [info] Speck 2f model initialized.
[2024-01-22 16:57:17.193] [Speck2fBoards] [info] Speck 2f dev kit initialized.
[2024-01-22 16:57:19.976] [Speck2fBoards] [info] Speck 2f model initialized.
[2024-01-22 17:01:46.528] [Speck2fBoards] [info] Speck 2f dev kit initialized.
[2024-01-22 17:01:49.315] [Speck2fBoards] [info] Speck 2f model initialized.
[2024-01-22 17:07:04.900] [Speck2fBoards] [info] Speck 2f dev kit initialized.
[2024-01-22 17:07:07.650] [Speck2fBoards] [info] Speck 2f model initialized.
[2024-01-22 17:09:10.673] [Speck2fBoards] [info] Speck 2f dev kit initialized.
[2024-01-22 17:09:13.458] [Speck2fBoards] [info] Speck 2f model initialized.
[2024-01-22 17:11:48.031] [Speck2fBoards] [info] Speck 2f dev kit initialized.
[2024-01-22 17:11:50.789] [Speck2fBoards] [info] Speck 2f model initialized.
[2024-01-22 17:15:36.748] [Speck2fBoards] [info] Speck 2f dev kit initialized.
[2024-01-22 17:15:39.521] [Speck2fBoards] [info] Speck 2f model initialized.
[2024-01-22 17:19:11.699] [Speck2fBoards] [info] Speck 2f dev kit initialized.
[2024-01-22 17:20:36.106] [Speck2fBoards] [info] Speck 2f dev kit initialized.
[2024-01-22 17:20:38.876] [Speck2fBoards] [info] Speck 2f model initialized.
[2024-01-22 17:29:09.511] [Speck2fBoards] [info] Speck 2f dev kit initialized.
[2024-01-22 17:30:43.765] [Speck2fBoards] [info] Speck 2f dev kit initialized.
[2024-01-22 17:30:46.533] [Speck2fBoards] [info] Speck 2f model initialized.
[2024-01-22 17:34:08.504] [Speck2fBoards] [info] Speck 2f dev kit initialized.
[2024-01-22 17:34:11.275] [Speck2fBoards] [info] Speck 2f model initialized.
[2024-01-23 10:37:03.477] [Speck2fBoards] [info] Speck 2f dev kit initialized.
[2024-01-23 10:37:06.252] [Speck2fBoards] [info] Speck 2f model initialized.
[2024-01-23 10:37:06.253] [ZMQ] [info] ZMQPublisher set endpoint: tcp://0.0.0.0:40000
[2024-01-23 10:37:06.253] [ZMQ] [info] ZMQPublisher set endpoint: tcp://0.0.0.0:33803
[2024-01-23 10:38:59.250] [Graph] [warning] Graph is destroyed while running! Note: Filter nodes constructed by `sequential` method won't work after corresponding graph is destroyed and please manually stop the graph after use.
[2024-01-23 10:39:02.723] [Speck2fBoards] [info] Speck 2f dev kit initialized.
[2024-01-23 10:57:13.751] [Speck2fBoards] [info] Speck 2f dev kit initialized.
[2024-01-23 10:59:01.986] [Speck2fBoards] [info] Speck 2f dev kit initialized.
[2024-01-23 10:59:04.765] [Speck2fBoards] [info] Speck 2f model initialized.
[2024-01-23 11:03:16.040] [Speck2fBoards] [info] Speck 2f dev kit initialized.
[2024-01-23 11:03:18.818] [Speck2fBoards] [info] Speck 2f model initialized.
[2024-01-23 11:06:25.133] [Speck2fBoards] [info] Speck 2f dev kit initialized.
[2024-01-23 11:06:27.898] [Speck2fBoards] [info] Speck 2f model initialized.
[2024-01-23 11:11:05.299] [Speck2fBoards] [info] Speck 2f dev kit initialized.
[2024-01-23 11:11:08.075] [Speck2fBoards] [info] Speck 2f model initialized.
[2024-01-23 11:14:10.029] [Speck2fBoards] [info] Speck 2f dev kit initialized.
[2024-01-23 11:14:12.789] [Speck2fBoards] [info] Speck 2f model initialized.
[2024-01-23 13:15:57.218] [Speck2fBoards] [info] Speck 2f dev kit initialized.
[2024-01-23 13:16:00.002] [Speck2fBoards] [info] Speck 2f model initialized.
[2024-01-23 13:34:08.589] [Speck2fBoards] [info] Speck 2f dev kit initialized.
[2024-01-23 13:45:50.910] [Speck2fBoards] [info] Speck 2f dev kit initialized.
[2024-01-23 13:55:27.698] [Speck2fBoards] [info] Speck 2f dev kit initialized.
[2024-01-23 13:55:30.477] [Speck2fBoards] [info] Speck 2f model initialized.
[2024-01-23 14:10:18.145] [Speck2fBoards] [info] Speck 2f dev kit initialized.
[2024-01-23 14:10:20.910] [Speck2fBoards] [info] Speck 2f model initialized.
[2024-01-23 14:10:20.911] [ZMQ] [info] ZMQPublisher set endpoint: tcp://0.0.0.0:40000
[2024-01-23 14:10:20.911] [ZMQ] [info] ZMQPublisher set endpoint: tcp://0.0.0.0:40757
[2024-01-23 14:11:56.942] [Speck2fBoards] [info] Speck 2f dev kit initialized.
[2024-01-23 14:11:59.720] [Speck2fBoards] [info] Speck 2f model initialized.
[2024-01-23 14:11:59.721] [ZMQ] [info] ZMQPublisher set endpoint: tcp://0.0.0.0:40000
[2024-01-23 14:11:59.721] [ZMQ] [info] ZMQPublisher set endpoint: tcp://0.0.0.0:57003
[2024-01-23 14:13:54.493] [Speck2fBoards] [info] Speck 2f dev kit initialized.
[2024-01-23 14:13:57.251] [Speck2fBoards] [info] Speck 2f model initialized.
[2024-01-23 14:13:57.251] [ZMQ] [info] ZMQPublisher set endpoint: tcp://0.0.0.0:40000
[2024-01-23 14:13:57.251] [ZMQ] [info] ZMQPublisher set endpoint: tcp://0.0.0.0:40779
[2024-01-23 15:32:33.674] [Speck2fBoards] [info] Speck 2f dev kit initialized.
[2024-01-23 15:32:36.453] [Speck2fBoards] [info] Speck 2f model initialized.
[2024-01-23 15:45:26.239] [Speck2fBoards] [info] Speck 2f dev kit initialized.
[2024-01-23 15:45:29.007] [Speck2fBoards] [info] Speck 2f model initialized.
[2024-01-23 15:45:29.007] [ZMQ] [info] ZMQPublisher set endpoint: tcp://0.0.0.0:40000
[2024-01-23 15:45:29.008] [ZMQ] [info] ZMQPublisher set endpoint: tcp://0.0.0.0:53925
[2024-01-23 15:50:25.052] [Graph] [warning] Graph is destroyed while running! Note: Filter nodes constructed by `sequential` method won't work after corresponding graph is destroyed and please manually stop the graph after use.
[2024-01-23 15:52:46.561] [Speck2fBoards] [info] Speck 2f dev kit initialized.
[2024-01-23 15:52:49.325] [Speck2fBoards] [info] Speck 2f model initialized.
[2024-01-23 15:52:49.326] [ZMQ] [info] ZMQPublisher set endpoint: tcp://0.0.0.0:40000
[2024-01-23 15:52:49.326] [ZMQ] [info] ZMQPublisher set endpoint: tcp://0.0.0.0:57887
[2024-01-23 15:53:35.138] [Speck2fBoards] [info] Speck 2f dev kit initialized.
[2024-01-23 15:53:37.918] [Speck2fBoards] [info] Speck 2f model initialized.
[2024-01-23 15:53:37.918] [ZMQ] [info] ZMQPublisher set endpoint: tcp://0.0.0.0:40000
[2024-01-23 15:53:37.918] [ZMQ] [info] ZMQPublisher set endpoint: tcp://0.0.0.0:41281
[2024-01-23 16:29:43.244] [Speck2fBoards] [info] Speck 2f dev kit initialized.
[2024-01-23 16:29:46.018] [Speck2fBoards] [info] Speck 2f model initialized.
[2024-01-23 17:09:07.496] [Speck2fBoards] [info] Speck 2f dev kit initialized.
[2024-01-23 17:09:10.263] [Speck2fBoards] [info] Speck 2f model initialized.
[2024-01-24 10:53:03.109] [Speck2fBoards] [info] Speck 2f dev kit initialized.
[2024-01-24 10:53:05.867] [Speck2fBoards] [info] Speck 2f model initialized.
[2024-01-24 10:56:41.831] [Speck2fBoards] [info] Speck 2f dev kit initialized.
[2024-01-24 10:56:44.603] [Speck2fBoards] [info] Speck 2f model initialized.
[2024-01-24 10:59:16.078] [Speck2fBoards] [info] Speck 2f dev kit initialized.
[2024-01-24 10:59:18.837] [Speck2fBoards] [info] Speck 2f model initialized.
[2024-01-24 11:12:49.900] [Speck2fBoards] [info] Speck 2f dev kit initialized.
[2024-01-24 11:12:52.671] [Speck2fBoards] [info] Speck 2f model initialized.
[2024-01-24 11:19:05.160] [Speck2fBoards] [info] Speck 2f dev kit initialized.
[2024-01-24 11:19:07.934] [Speck2fBoards] [info] Speck 2f model initialized.
[2024-01-24 11:26:11.422] [Speck2fBoards] [info] Speck 2f dev kit initialized.
[2024-01-24 11:26:14.196] [Speck2fBoards] [info] Speck 2f model initialized.
[2024-01-24 11:33:38.698] [Speck2fBoards] [info] Speck 2f dev kit initialized.
[2024-01-24 11:33:41.460] [Speck2fBoards] [info] Speck 2f model initialized.
[2024-01-24 13:08:46.294] [Speck2fBoards] [info] Speck 2f dev kit initialized.
[2024-01-24 13:08:49.066] [Speck2fBoards] [info] Speck 2f model initialized.
[2024-01-24 13:18:10.506] [Speck2fBoards] [info] Speck 2f dev kit initialized.
[2024-01-24 13:18:13.299] [Speck2fBoards] [info] Speck 2f model initialized.
[2024-01-24 15:25:39.350] [Speck2fBoards] [info] Speck 2f dev kit initialized.
[2024-01-24 15:25:42.126] [Speck2fBoards] [info] Speck 2f model initialized.
[2024-01-24 15:44:07.140] [Speck2fBoards] [info] Speck 2f dev kit initialized.
[2024-01-24 15:44:09.916] [Speck2fBoards] [info] Speck 2f model initialized.
[2024-01-24 15:49:18.780] [Speck2fBoards] [info] Speck 2f dev kit initialized.
[2024-01-24 15:49:21.541] [Speck2fBoards] [info] Speck 2f model initialized.
[2024-01-25 14:17:16.472] [Speck2fBoards] [info] Speck 2f dev kit initialized.
[2024-01-25 14:17:19.227] [Speck2fBoards] [info] Speck 2f model initialized.
[2024-01-25 14:22:48.990] [Speck2fBoards] [info] Speck 2f dev kit initialized.
[2024-01-25 14:22:51.756] [Speck2fBoards] [info] Speck 2f model initialized.
[2024-01-25 14:39:46.670] [Speck2fBoards] [info] Speck 2f dev kit initialized.
[2024-01-25 14:39:49.435] [Speck2fBoards] [info] Speck 2f model initialized.
[2024-01-25 14:43:52.000] [Speck2fBoards] [info] Speck 2f dev kit initialized.
[2024-01-25 14:43:54.748] [Speck2fBoards] [info] Speck 2f model initialized.
[2024-01-25 14:57:41.115] [Speck2fBoards] [info] Speck 2f dev kit initialized.
[2024-01-25 14:57:43.890] [Speck2fBoards] [info] Speck 2f model initialized.
[2024-01-25 15:10:55.781] [Speck2fBoards] [info] Speck 2f dev kit initialized.
[2024-01-25 15:10:58.542] [Speck2fBoards] [info] Speck 2f model initialized.
[2024-01-25 15:18:59.247] [Speck2fBoards] [info] Speck 2f dev kit initialized.
[2024-01-25 15:19:02.001] [Speck2fBoards] [info] Speck 2f model initialized.
[2024-01-25 15:35:40.087] [Speck2fBoards] [info] Speck 2f dev kit initialized.
[2024-01-25 15:35:42.850] [Speck2fBoards] [info] Speck 2f model initialized.
[2024-01-25 15:54:20.589] [Speck2fBoards] [info] Speck 2f dev kit initialized.
[2024-01-25 15:54:23.360] [Speck2fBoards] [info] Speck 2f model initialized.
[2024-01-25 15:56:01.786] [Speck2fBoards] [info] Speck 2f dev kit initialized.
[2024-01-25 15:56:04.551] [Speck2fBoards] [info] Speck 2f model initialized.
[2024-01-25 15:58:22.610] [Speck2fBoards] [info] Speck 2f dev kit initialized.
[2024-01-25 15:58:25.392] [Speck2fBoards] [info] Speck 2f model initialized.
[2024-01-25 16:01:54.818] [Speck2fBoards] [info] Speck 2f dev kit initialized.
[2024-01-25 16:01:57.581] [Speck2fBoards] [info] Speck 2f model initialized.
[2024-01-25 16:05:16.699] [Speck2fBoards] [info] Speck 2f dev kit initialized.
[2024-01-25 16:05:19.450] [Speck2fBoards] [info] Speck 2f model initialized.
[2024-01-25 16:06:48.368] [Speck2fBoards] [info] Speck 2f dev kit initialized.
[2024-01-25 16:06:51.143] [Speck2fBoards] [info] Speck 2f model initialized.
[2024-01-25 16:08:40.602] [Speck2fBoards] [info] Speck 2f dev kit initialized.
[2024-01-25 16:08:43.376] [Speck2fBoards] [info] Speck 2f model initialized.
[2024-01-25 16:10:10.730] [Speck2fBoards] [info] Speck 2f dev kit initialized.
[2024-01-25 16:10:13.485] [Speck2fBoards] [info] Speck 2f model initialized.
[2024-01-25 16:20:37.767] [Speck2fBoards] [info] Speck 2f dev kit initialized.
[2024-01-25 16:20:40.547] [Speck2fBoards] [info] Speck 2f model initialized.
[2024-01-25 16:26:57.275] [Speck2fBoards] [info] Speck 2f dev kit initialized.
[2024-01-25 16:27:00.037] [Speck2fBoards] [info] Speck 2f model initialized.
[2024-01-25 16:33:27.420] [Speck2fBoards] [info] Speck 2f dev kit initialized.
[2024-01-25 16:33:30.192] [Speck2fBoards] [info] Speck 2f model initialized.
[2024-01-25 16:41:18.065] [Speck2fBoards] [info] Speck 2f dev kit initialized.
[2024-01-25 16:41:20.831] [Speck2fBoards] [info] Speck 2f model initialized.
[2024-01-25 19:10:58.983] [Speck2fBoards] [info] Speck 2f dev kit initialized.
[2024-01-25 19:11:01.758] [Speck2fBoards] [info] Speck 2f model initialized.
[2024-01-25 19:30:26.555] [Speck2fBoards] [info] Speck 2f dev kit initialized.
[2024-01-25 19:30:29.324] [Speck2fBoards] [info] Speck 2f model initialized.
[2024-01-25 19:33:17.333] [Speck2fBoards] [info] Speck 2f dev kit initialized.
[2024-01-25 19:33:20.103] [Speck2fBoards] [info] Speck 2f model initialized.
[2024-01-25 19:47:49.154] [Speck2fBoards] [info] Speck 2f dev kit initialized.
[2024-01-25 19:47:51.924] [Speck2fBoards] [info] Speck 2f model initialized.
[2024-01-25 20:01:28.623] [Speck2fBoards] [info] Speck 2f dev kit initialized.
[2024-01-25 20:01:31.392] [Speck2fBoards] [info] Speck 2f model initialized.
[2024-01-25 20:10:33.137] [Speck2fBoards] [info] Speck 2f dev kit initialized.
[2024-01-25 20:10:35.908] [Speck2fBoards] [info] Speck 2f model initialized.
[2024-01-25 20:12:14.471] [Speck2fBoards] [info] Speck 2f dev kit initialized.
[2024-01-25 20:12:17.224] [Speck2fBoards] [info] Speck 2f model initialized.
[2024-01-26 13:46:13.328] [Speck2fBoards] [info] Speck 2f dev kit initialized.
[2024-01-26 13:46:16.090] [Speck2fBoards] [info] Speck 2f model initialized.
[2024-01-26 13:59:58.453] [Speck2fBoards] [info] Speck 2f dev kit initialized.
[2024-01-26 14:00:01.239] [Speck2fBoards] [info] Speck 2f model initialized.
[2024-01-26 14:01:43.304] [Speck2fBoards] [info] Speck 2f dev kit initialized.
[2024-01-26 14:01:46.075] [Speck2fBoards] [info] Speck 2f model initialized.
[2024-01-26 15:02:13.279] [Speck2fBoards] [info] Speck 2f dev kit initialized.
[2024-01-26 15:02:16.041] [Speck2fBoards] [info] Speck 2f model initialized.
[2024-01-26 15:11:57.935] [Speck2fBoards] [info] Speck 2f dev kit initialized.
[2024-01-26 15:12:00.697] [Speck2fBoards] [info] Speck 2f model initialized.
[2024-01-26 16:10:43.553] [Speck2fBoards] [info] Speck 2f dev kit initialized.
[2024-01-26 16:10:46.343] [Speck2fBoards] [info] Speck 2f model initialized.
[2024-01-26 16:17:32.424] [Speck2fBoards] [info] Speck 2f dev kit initialized.
[2024-01-26 16:17:35.188] [Speck2fBoards] [info] Speck 2f model initialized.
[2024-01-26 16:18:39.482] [Speck2fBoards] [info] Speck 2f dev kit initialized.
[2024-01-26 16:18:42.262] [Speck2fBoards] [info] Speck 2f model initialized.
[2024-01-26 16:21:29.282] [Speck2fBoards] [info] Speck 2f dev kit initialized.
[2024-01-26 16:21:32.059] [Speck2fBoards] [info] Speck 2f model initialized.
[2024-01-26 16:27:51.573] [Speck2fBoards] [info] Speck 2f dev kit initialized.
[2024-01-26 16:27:54.324] [Speck2fBoards] [info] Speck 2f model initialized.
[2024-01-26 16:28:54.421] [Speck2fBoards] [info] Speck 2f dev kit initialized.
[2024-01-26 16:28:57.193] [Speck2fBoards] [info] Speck 2f model initialized.
[2024-01-26 16:33:35.471] [Speck2fBoards] [info] Speck 2f dev kit initialized.
[2024-01-26 16:33:38.255] [Speck2fBoards] [info] Speck 2f model initialized.
[2024-01-26 16:35:12.324] [Speck2fBoards] [info] Speck 2f dev kit initialized.
[2024-01-26 16:35:15.094] [Speck2fBoards] [info] Speck 2f model initialized.
[2024-01-26 16:37:02.067] [Speck2fBoards] [info] Speck 2f dev kit initialized.
[2024-01-26 16:37:04.833] [Speck2fBoards] [info] Speck 2f model initialized.
[2024-01-26 16:42:32.577] [Speck2fBoards] [info] Speck 2f dev kit initialized.
[2024-01-26 16:42:35.342] [Speck2fBoards] [info] Speck 2f model initialized.
[2024-01-26 16:48:22.365] [Speck2fBoards] [info] Speck 2f dev kit initialized.
[2024-01-26 16:48:25.124] [Speck2fBoards] [info] Speck 2f model initialized.
[2024-01-26 16:49:19.000] [Speck2fBoards] [info] Speck 2f dev kit initialized.
[2024-01-26 16:49:21.787] [Speck2fBoards] [info] Speck 2f model initialized.
[2024-01-26 16:52:04.043] [Speck2fBoards] [info] Speck 2f dev kit initialized.
[2024-01-26 16:52:06.810] [Speck2fBoards] [info] Speck 2f model initialized.
[2024-01-26 16:53:28.327] [Speck2fBoards] [info] Speck 2f dev kit initialized.
[2024-01-26 16:53:31.106] [Speck2fBoards] [info] Speck 2f model initialized.
[2024-01-26 16:54:29.670] [Speck2fBoards] [info] Speck 2f dev kit initialized.
[2024-01-26 16:54:32.444] [Speck2fBoards] [info] Speck 2f model initialized.
[2024-01-26 16:56:13.271] [Speck2fBoards] [info] Speck 2f dev kit initialized.
[2024-01-26 16:56:16.036] [Speck2fBoards] [info] Speck 2f model initialized.
[2024-01-26 16:57:59.346] [Speck2fBoards] [info] Speck 2f dev kit initialized.
[2024-01-26 16:58:02.119] [Speck2fBoards] [info] Speck 2f model initialized.
[2024-01-26 16:58:58.931] [Speck2fBoards] [info] Speck 2f dev kit initialized.
[2024-01-26 16:59:01.706] [Speck2fBoards] [info] Speck 2f model initialized.
[2024-01-26 17:00:00.658] [Speck2fBoards] [info] Speck 2f dev kit initialized.
[2024-01-26 17:00:03.419] [Speck2fBoards] [info] Speck 2f model initialized.
[2024-01-26 17:01:08.619] [Speck2fBoards] [info] Speck 2f dev kit initialized.
[2024-01-26 17:01:11.378] [Speck2fBoards] [info] Speck 2f model initialized.
[2024-01-26 17:01:55.428] [Speck2fBoards] [info] Speck 2f dev kit initialized.
[2024-01-26 17:01:58.199] [Speck2fBoards] [info] Speck 2f model initialized.
[2024-01-26 17:03:53.455] [Speck2fBoards] [info] Speck 2f dev kit initialized.
[2024-01-26 17:03:56.231] [Speck2fBoards] [info] Speck 2f model initialized.
[2024-01-26 17:04:37.593] [Speck2fBoards] [info] Speck 2f dev kit initialized.
[2024-01-26 17:04:40.341] [Speck2fBoards] [info] Speck 2f model initialized.
[2024-01-26 17:05:46.541] [Speck2fBoards] [info] Speck 2f dev kit initialized.
[2024-01-26 17:05:49.324] [Speck2fBoards] [info] Speck 2f model initialized.
[2024-01-26 17:08:36.106] [Speck2fBoards] [info] Speck 2f dev kit initialized.
[2024-01-26 17:08:38.854] [Speck2fBoards] [info] Speck 2f model initialized.
[2024-01-26 17:09:05.310] [Speck2fBoards] [info] Speck 2f dev kit initialized.
[2024-01-26 17:09:08.060] [Speck2fBoards] [info] Speck 2f model initialized.
[2024-01-29 12:37:56.138] [Speck2fBoards] [info] Speck 2f dev kit initialized.
[2024-01-29 12:37:58.893] [Speck2fBoards] [info] Speck 2f model initialized.
[2024-01-29 13:04:41.269] [Speck2fBoards] [info] Speck 2f dev kit initialized.
[2024-01-29 13:04:44.032] [Speck2fBoards] [info] Speck 2f model initialized.
[2024-01-29 13:17:40.245] [Speck2fBoards] [info] Speck 2f dev kit initialized.
[2024-01-29 13:17:42.999] [Speck2fBoards] [info] Speck 2f model initialized.
[2024-01-29 13:23:58.385] [Speck2fBoards] [info] Speck 2f dev kit initialized.
[2024-01-29 13:24:01.151] [Speck2fBoards] [info] Speck 2f model initialized.
[2024-01-29 14:07:30.230] [Speck2fBoards] [info] Speck 2f dev kit initialized.
[2024-01-29 14:07:33.004] [Speck2fBoards] [info] Speck 2f model initialized.
[2024-01-29 15:49:51.299] [Speck2fBoards] [info] Speck 2f dev kit initialized.
[2024-01-29 15:49:54.076] [Speck2fBoards] [info] Speck 2f model initialized.
[2024-01-29 16:42:20.428] [Speck2fBoards] [info] Speck 2f dev kit initialized.
[2024-01-29 16:42:23.188] [Speck2fBoards] [info] Speck 2f model initialized.
[2024-01-29 16:49:07.282] [Speck2fBoards] [info] Speck 2f dev kit initialized.
[2024-01-29 16:49:10.055] [Speck2fBoards] [info] Speck 2f model initialized.
[2024-01-29 16:53:43.378] [Speck2fBoards] [info] Speck 2f dev kit initialized.
[2024-01-29 16:53:46.139] [Speck2fBoards] [info] Speck 2f model initialized.
[2024-01-29 17:04:05.745] [Speck2fBoards] [info] Speck 2f dev kit initialized.
[2024-01-29 17:04:08.522] [Speck2fBoards] [info] Speck 2f model initialized.
[2024-01-29 17:14:41.444] [Speck2fBoards] [info] Speck 2f dev kit initialized.
[2024-01-29 17:14:44.197] [Speck2fBoards] [info] Speck 2f model initialized.
[2024-01-29 17:21:47.030] [Speck2fBoards] [info] Speck 2f dev kit initialized.
[2024-01-29 17:21:49.806] [Speck2fBoards] [info] Speck 2f model initialized.
[2024-01-29 17:30:26.091] [Speck2fBoards] [info] Speck 2f dev kit initialized.
[2024-01-29 17:30:28.861] [Speck2fBoards] [info] Speck 2f model initialized.
[2024-01-30 10:53:02.374] [Speck2fBoards] [info] Speck 2f dev kit initialized.
[2024-01-30 10:53:05.126] [Speck2fBoards] [info] Speck 2f model initialized.
[2024-01-30 11:01:43.007] [Speck2fBoards] [info] Speck 2f dev kit initialized.
[2024-01-30 11:01:45.771] [Speck2fBoards] [info] Speck 2f model initialized.
[2024-01-30 16:11:36.983] [Speck2fBoards] [info] Speck 2f dev kit initialized.
[2024-01-30 16:11:39.752] [Speck2fBoards] [info] Speck 2f model initialized.
[2024-01-30 16:22:34.747] [Speck2fBoards] [info] Speck 2f dev kit initialized.
[2024-01-30 16:25:01.918] [Speck2fBoards] [info] Speck 2f dev kit initialized.
[2024-01-30 16:25:04.696] [Speck2fBoards] [info] Speck 2f model initialized.
[2024-01-30 18:23:57.584] [Speck2fBoards] [info] Speck 2f dev kit initialized.
[2024-01-30 18:24:00.354] [Speck2fBoards] [info] Speck 2f model initialized.
[2024-01-30 18:26:32.045] [Speck2fBoards] [info] Speck 2f dev kit initialized.
[2024-01-30 18:26:34.810] [Speck2fBoards] [info] Speck 2f model initialized.
[2024-01-30 18:34:29.462] [Speck2fBoards] [info] Speck 2f dev kit initialized.
[2024-01-30 18:34:32.232] [Speck2fBoards] [info] Speck 2f model initialized.
[2024-01-30 18:38:46.361] [Speck2fBoards] [info] Speck 2f dev kit initialized.
[2024-01-30 18:38:49.124] [Speck2fBoards] [info] Speck 2f model initialized.
[2024-01-31 10:41:47.609] [Speck2fBoards] [info] Speck 2f dev kit initialized.
[2024-01-31 10:41:50.366] [Speck2fBoards] [info] Speck 2f model initialized.
[2024-01-31 10:43:54.755] [Speck2fBoards] [info] Speck 2f dev kit initialized.
[2024-01-31 10:43:57.535] [Speck2fBoards] [info] Speck 2f model initialized.
[2024-01-31 10:46:31.300] [Speck2fBoards] [info] Speck 2f dev kit initialized.
[2024-01-31 10:46:34.077] [Speck2fBoards] [info] Speck 2f model initialized.
[2024-01-31 11:18:19.510] [Speck2fBoards] [info] Speck 2f dev kit initialized.
[2024-01-31 11:18:22.276] [Speck2fBoards] [info] Speck 2f model initialized.
[2024-01-31 11:18:53.743] [Speck2fBoards] [info] Speck 2f dev kit initialized.
[2024-01-31 11:18:56.510] [Speck2fBoards] [info] Speck 2f model initialized.
[2024-01-31 11:21:42.003] [Speck2fBoards] [info] Speck 2f dev kit initialized.
[2024-01-31 11:21:44.762] [Speck2fBoards] [info] Speck 2f model initialized.
[2024-01-31 11:22:28.419] [Speck2fBoards] [info] Speck 2f dev kit initialized.
[2024-01-31 11:22:31.178] [Speck2fBoards] [info] Speck 2f model initialized.
[2024-01-31 11:26:07.860] [Speck2fBoards] [info] Speck 2f dev kit initialized.
[2024-01-31 11:26:10.634] [Speck2fBoards] [info] Speck 2f model initialized.
[2024-01-31 11:28:04.507] [Speck2fBoards] [info] Speck 2f dev kit initialized.
[2024-01-31 11:28:07.269] [Speck2fBoards] [info] Speck 2f model initialized.
[2024-01-31 11:28:18.034] [Speck2fBoards] [info] Speck 2f dev kit initialized.
[2024-01-31 11:28:20.811] [Speck2fBoards] [info] Speck 2f model initialized.
[2024-01-31 11:29:47.038] [Speck2fBoards] [info] Speck 2f dev kit initialized.
[2024-01-31 11:29:49.813] [Speck2fBoards] [info] Speck 2f model initialized.
[2024-01-31 11:30:30.353] [Graph] [warning] Graph is destroyed while running! Note: Filter nodes constructed by `sequential` method won't work after corresponding graph is destroyed and please manually stop the graph after use.
[2024-01-31 13:04:39.087] [Speck2fBoards] [info] Speck 2f dev kit initialized.
[2024-01-31 13:04:41.843] [Speck2fBoards] [info] Speck 2f model initialized.
[2024-01-31 13:05:21.701] [Graph] [warning] Graph is destroyed while running! Note: Filter nodes constructed by `sequential` method won't work after corresponding graph is destroyed and please manually stop the graph after use.
[2024-01-31 13:06:23.974] [Speck2fBoards] [info] Speck 2f dev kit initialized.
[2024-01-31 13:07:36.128] [Speck2fBoards] [info] Speck 2f dev kit initialized.
[2024-01-31 13:09:06.808] [Speck2fBoards] [info] Speck 2f dev kit initialized.
[2024-01-31 13:09:09.581] [Speck2fBoards] [info] Speck 2f model initialized.
[2024-01-31 13:09:49.316] [Graph] [warning] Graph is destroyed while running! Note: Filter nodes constructed by `sequential` method won't work after corresponding graph is destroyed and please manually stop the graph after use.
[2024-01-31 13:11:13.118] [Speck2fBoards] [info] Speck 2f dev kit initialized.
[2024-01-31 13:11:34.517] [Speck2fBoards] [info] Speck 2f dev kit initialized.
[2024-01-31 13:11:37.287] [Speck2fBoards] [info] Speck 2f model initialized.
[2024-01-31 13:20:18.193] [Speck2fBoards] [info] Speck 2f dev kit initialized.
[2024-01-31 13:20:20.955] [Speck2fBoards] [info] Speck 2f model initialized.
[2024-01-31 13:23:17.294] [Speck2fBoards] [info] Speck 2f dev kit initialized.
[2024-01-31 13:23:20.051] [Speck2fBoards] [info] Speck 2f model initialized.
[2024-01-31 13:23:22.338] [Graph] [warning] Graph is destroyed while running! Note: Filter nodes constructed by `sequential` method won't work after corresponding graph is destroyed and please manually stop the graph after use.
[2024-01-31 13:23:45.987] [Speck2fBoards] [info] Speck 2f dev kit initialized.
[2024-01-31 13:23:48.776] [Speck2fBoards] [info] Speck 2f model initialized.
[2024-01-31 13:23:51.072] [Graph] [warning] Graph is destroyed while running! Note: Filter nodes constructed by `sequential` method won't work after corresponding graph is destroyed and please manually stop the graph after use.
[2024-01-31 13:24:37.576] [Speck2fBoards] [info] Speck 2f dev kit initialized.
[2024-01-31 13:24:57.459] [Speck2fBoards] [info] Speck 2f dev kit initialized.
[2024-01-31 13:25:00.248] [Speck2fBoards] [info] Speck 2f model initialized.
[2024-01-31 13:31:21.718] [Speck2fBoards] [info] Speck 2f dev kit initialized.
[2024-01-31 13:31:24.481] [Speck2fBoards] [info] Speck 2f model initialized.
[2024-01-31 14:52:33.328] [Speck2fBoards] [info] Speck 2f dev kit initialized.
[2024-01-31 14:52:36.095] [Speck2fBoards] [info] Speck 2f model initialized.
[2024-01-31 14:53:26.330] [Speck2fBoards] [info] Speck 2f dev kit initialized.
[2024-01-31 14:53:29.105] [Speck2fBoards] [info] Speck 2f model initialized.
[2024-01-31 14:57:22.025] [Speck2fBoards] [info] Speck 2f dev kit initialized.
[2024-01-31 14:57:24.806] [Speck2fBoards] [info] Speck 2f model initialized.
[2024-01-31 14:57:33.733] [Graph] [warning] Graph is destroyed while running! Note: Filter nodes constructed by `sequential` method won't work after corresponding graph is destroyed and please manually stop the graph after use.
[2024-01-31 14:59:38.873] [Speck2fBoards] [info] Speck 2f dev kit initialized.
[2024-01-31 15:01:26.883] [Speck2fBoards] [info] Speck 2f dev kit initialized.
[2024-01-31 15:01:29.645] [Speck2fBoards] [info] Speck 2f model initialized.
[2024-01-31 15:06:09.892] [Speck2fBoards] [info] Speck 2f dev kit initialized.
[2024-01-31 15:06:12.666] [Speck2fBoards] [info] Speck 2f model initialized.
[2024-01-31 15:11:05.373] [Speck2fBoards] [info] Speck 2f dev kit initialized.
[2024-01-31 15:11:08.129] [Speck2fBoards] [info] Speck 2f model initialized.
[2024-01-31 15:19:03.286] [Speck2fBoards] [info] Speck 2f dev kit initialized.
[2024-01-31 15:19:06.052] [Speck2fBoards] [info] Speck 2f model initialized.
[2024-01-31 15:24:46.590] [Speck2fBoards] [info] Speck 2f dev kit initialized.
[2024-01-31 15:24:49.355] [Speck2fBoards] [info] Speck 2f model initialized.
[2024-01-31 15:26:45.591] [Speck2fBoards] [info] Speck 2f dev kit initialized.
[2024-01-31 15:26:48.353] [Speck2fBoards] [info] Speck 2f model initialized.
[2024-01-31 15:30:07.792] [Speck2fBoards] [info] Speck 2f dev kit initialized.
[2024-01-31 15:30:10.559] [Speck2fBoards] [info] Speck 2f model initialized.
[2024-01-31 15:33:25.465] [Speck2fBoards] [info] Speck 2f dev kit initialized.
[2024-01-31 15:33:28.236] [Speck2fBoards] [info] Speck 2f model initialized.
[2024-01-31 15:36:58.638] [Speck2fBoards] [info] Speck 2f dev kit initialized.
[2024-01-31 15:37:01.406] [Speck2fBoards] [info] Speck 2f model initialized.
[2024-01-31 15:39:57.975] [Speck2fBoards] [info] Speck 2f dev kit initialized.
[2024-01-31 15:40:00.747] [Speck2fBoards] [info] Speck 2f model initialized.
[2024-01-31 15:40:14.020] [Graph] [warning] Graph is destroyed while running! Note: Filter nodes constructed by `sequential` method won't work after corresponding graph is destroyed and please manually stop the graph after use.
[2024-01-31 15:43:26.664] [Speck2fBoards] [info] Speck 2f dev kit initialized.
[2024-01-31 15:47:04.370] [Speck2fBoards] [info] Speck 2f dev kit initialized.
[2024-01-31 15:47:07.132] [Speck2fBoards] [info] Speck 2f model initialized.
[2024-01-31 16:06:58.083] [Speck2fBoards] [info] Speck 2f dev kit initialized.
[2024-01-31 16:13:31.329] [Speck2fBoards] [info] Speck 2f dev kit initialized.
[2024-01-31 16:13:34.093] [Speck2fBoards] [info] Speck 2f model initialized.
[2024-01-31 16:17:25.753] [Speck2fBoards] [info] Speck 2f dev kit initialized.
[2024-01-31 16:17:28.517] [Speck2fBoards] [info] Speck 2f model initialized.
[2024-01-31 16:21:28.846] [Speck2fBoards] [info] Speck 2f dev kit initialized.
[2024-01-31 16:21:31.616] [Speck2fBoards] [info] Speck 2f model initialized.
[2024-01-31 16:38:47.386] [Speck2fBoards] [info] Speck 2f dev kit initialized.
[2024-01-31 16:38:50.160] [Speck2fBoards] [info] Speck 2f model initialized.
[2024-01-31 16:40:37.120] [Speck2fBoards] [info] Speck 2f dev kit initialized.
[2024-01-31 16:40:39.876] [Speck2fBoards] [info] Speck 2f model initialized.
[2024-01-31 16:40:51.232] [Speck2fBoards] [info] Speck 2f dev kit initialized.
[2024-01-31 16:40:53.996] [Speck2fBoards] [info] Speck 2f model initialized.
[2024-01-31 17:04:13.034] [Speck2fBoards] [info] Speck 2f dev kit initialized.
[2024-01-31 17:04:15.798] [Speck2fBoards] [info] Speck 2f model initialized.
[2024-01-31 17:05:10.222] [Speck2fBoards] [info] Speck 2f dev kit initialized.
[2024-01-31 17:05:12.988] [Speck2fBoards] [info] Speck 2f model initialized.
[2024-01-31 17:07:37.965] [Speck2fBoards] [info] Speck 2f dev kit initialized.
[2024-01-31 17:07:40.743] [Speck2fBoards] [info] Speck 2f model initialized.
[2024-01-31 17:07:53.289] [Speck2fBoards] [info] Speck 2f dev kit initialized.
[2024-01-31 17:07:56.077] [Speck2fBoards] [info] Speck 2f model initialized.
[2024-01-31 17:11:57.700] [Speck2fBoards] [info] Speck 2f dev kit initialized.
[2024-01-31 17:12:06.713] [Speck2fBoards] [info] Speck 2f dev kit initialized.
[2024-01-31 17:12:09.480] [Speck2fBoards] [info] Speck 2f model initialized.
[2024-01-31 17:13:15.676] [Speck2fBoards] [info] Speck 2f dev kit initialized.
[2024-01-31 17:13:18.443] [Speck2fBoards] [info] Speck 2f model initialized.
[2024-01-31 17:13:35.941] [Speck2fBoards] [info] Speck 2f dev kit initialized.
[2024-01-31 17:13:38.720] [Speck2fBoards] [info] Speck 2f model initialized.
[2024-01-31 17:13:47.943] [Speck2fBoards] [info] Speck 2f dev kit initialized.
[2024-01-31 17:13:50.705] [Speck2fBoards] [info] Speck 2f model initialized.
[2024-01-31 17:28:40.812] [Speck2fBoards] [info] Speck 2f dev kit initialized.
[2024-01-31 17:28:43.574] [Speck2fBoards] [info] Speck 2f model initialized.
[2024-01-31 17:35:04.746] [Speck2fBoards] [info] Speck 2f dev kit initialized.
[2024-01-31 17:35:07.522] [Speck2fBoards] [info] Speck 2f model initialized.
[2024-01-31 17:35:53.960] [Speck2fBoards] [info] Speck 2f dev kit initialized.
[2024-01-31 17:35:58.473] [Speck2fBoards] [info] Speck 2f dev kit initialized.
[2024-01-31 17:36:01.239] [Speck2fBoards] [info] Speck 2f model initialized.
[2024-01-31 17:42:28.467] [Speck2fBoards] [info] Speck 2f dev kit initialized.
[2024-01-31 17:42:31.232] [Speck2fBoards] [info] Speck 2f model initialized.
[2024-01-31 17:44:35.981] [Speck2fBoards] [info] Speck 2f dev kit initialized.
[2024-01-31 17:44:38.751] [Speck2fBoards] [info] Speck 2f model initialized.
[2024-01-31 17:55:12.150] [Speck2fBoards] [info] Speck 2f dev kit initialized.
[2024-01-31 17:55:14.913] [Speck2fBoards] [info] Speck 2f model initialized.
[2024-01-31 18:00:23.262] [Speck2fBoards] [info] Speck 2f dev kit initialized.
[2024-01-31 18:00:26.020] [Speck2fBoards] [info] Speck 2f model initialized.
[2024-01-31 18:05:00.784] [Speck2fBoards] [info] Speck 2f dev kit initialized.
[2024-01-31 18:05:03.567] [Speck2fBoards] [info] Speck 2f model initialized.
[2024-01-31 18:08:48.127] [Speck2fBoards] [info] Speck 2f dev kit initialized.
[2024-01-31 18:08:50.892] [Speck2fBoards] [info] Speck 2f model initialized.
[2024-01-31 18:30:59.687] [Speck2fBoards] [info] Speck 2f dev kit initialized.
[2024-01-31 18:31:02.474] [Speck2fBoards] [info] Speck 2f model initialized.
[2024-02-01 17:45:26.181] [Speck2fBoards] [info] Speck 2f dev kit initialized.
[2024-02-01 17:45:28.954] [Speck2fBoards] [info] Speck 2f model initialized.
[2024-02-01 17:57:22.698] [Speck2fBoards] [info] Speck 2f dev kit initialized.
[2024-02-01 17:57:25.485] [Speck2fBoards] [info] Speck 2f model initialized.
[2024-02-01 17:59:28.048] [Speck2fBoards] [info] Speck 2f dev kit initialized.
[2024-02-01 17:59:30.811] [Speck2fBoards] [info] Speck 2f model initialized.
[2024-02-05 09:57:14.467] [Speck2fBoards] [info] Speck 2f dev kit initialized.
[2024-02-05 09:57:17.218] [Speck2fBoards] [info] Speck 2f model initialized.
[2024-02-05 09:57:19.078] [Graph] [warning] Graph is destroyed while running! Note: Filter nodes constructed by `sequential` method won't work after corresponding graph is destroyed and please manually stop the graph after use.
[2024-02-05 09:57:46.247] [Speck2fBoards] [info] Speck 2f dev kit initialized.
[2024-02-05 09:57:49.021] [Speck2fBoards] [info] Speck 2f model initialized.
[2024-02-05 09:58:15.576] [Graph] [warning] Graph is destroyed while running! Note: Filter nodes constructed by `sequential` method won't work after corresponding graph is destroyed and please manually stop the graph after use.
[2024-02-05 10:04:36.199] [Speck2fBoards] [info] Speck 2f dev kit initialized.
[2024-02-05 10:04:57.488] [Speck2fBoards] [info] Speck 2f dev kit initialized.
[2024-02-05 10:05:00.254] [Speck2fBoards] [info] Speck 2f model initialized.
[2024-02-05 10:05:21.711] [Graph] [warning] Graph is destroyed while running! Note: Filter nodes constructed by `sequential` method won't work after corresponding graph is destroyed and please manually stop the graph after use.
[2024-02-05 14:47:56.070] [Speck2fBoards] [info] Speck 2f dev kit initialized.
[2024-02-05 14:47:58.831] [Speck2fBoards] [info] Speck 2f model initialized.
[2024-02-05 14:48:00.679] [Graph] [warning] Graph is destroyed while running! Note: Filter nodes constructed by `sequential` method won't work after corresponding graph is destroyed and please manually stop the graph after use.
[2024-02-05 14:51:15.033] [Speck2fBoards] [info] Speck 2f dev kit initialized.
[2024-02-05 14:51:46.339] [Speck2fBoards] [info] Speck 2f dev kit initialized.
[2024-02-05 14:51:49.126] [Speck2fBoards] [info] Speck 2f model initialized.
[2024-02-05 14:51:50.972] [Graph] [warning] Graph is destroyed while running! Note: Filter nodes constructed by `sequential` method won't work after corresponding graph is destroyed and please manually stop the graph after use.
[2024-02-05 14:54:00.874] [Speck2fBoards] [info] Speck 2f dev kit initialized.
[2024-02-05 14:54:30.213] [Speck2fBoards] [info] Speck 2f dev kit initialized.
[2024-02-05 14:54:33.003] [Speck2fBoards] [info] Speck 2f model initialized.
[2024-02-05 14:54:34.850] [Graph] [warning] Graph is destroyed while running! Note: Filter nodes constructed by `sequential` method won't work after corresponding graph is destroyed and please manually stop the graph after use.
[2024-02-05 14:58:35.126] [Speck2fBoards] [info] Speck 2f dev kit initialized.
[2024-02-05 14:58:54.408] [Speck2fBoards] [info] Speck 2f dev kit initialized.
[2024-02-05 14:58:57.170] [Speck2fBoards] [info] Speck 2f model initialized.
[2024-02-05 14:58:59.028] [Graph] [warning] Graph is destroyed while running! Note: Filter nodes constructed by `sequential` method won't work after corresponding graph is destroyed and please manually stop the graph after use.
[2024-02-05 17:15:27.044] [Speck2fBoards] [info] Speck 2f dev kit initialized.
[2024-02-05 17:15:29.814] [Speck2fBoards] [info] Speck 2f model initialized.
[2024-02-05 17:15:31.674] [Graph] [warning] Graph is destroyed while running! Note: Filter nodes constructed by `sequential` method won't work after corresponding graph is destroyed and please manually stop the graph after use.
[2024-02-05 17:19:58.487] [Speck2fBoards] [info] Speck 2f dev kit initialized.
[2024-02-05 17:20:19.900] [Speck2fBoards] [info] Speck 2f dev kit initialized.
[2024-02-05 17:20:22.672] [Speck2fBoards] [info] Speck 2f model initialized.
[2024-02-05 17:21:03.766] [Graph] [warning] Graph is destroyed while running! Note: Filter nodes constructed by `sequential` method won't work after corresponding graph is destroyed and please manually stop the graph after use.
[2024-02-06 10:56:05.726] [Speck2fBoards] [info] Speck 2f dev kit initialized.
[2024-02-06 10:56:08.507] [Speck2fBoards] [info] Speck 2f model initialized.
[2024-02-06 11:00:21.684] [Speck2fBoards] [info] Speck 2f dev kit initialized.
[2024-02-06 11:00:24.435] [Speck2fBoards] [info] Speck 2f model initialized.
[2024-02-06 11:04:36.242] [Speck2fBoards] [info] Speck 2f dev kit initialized.
[2024-02-06 11:04:39.006] [Speck2fBoards] [info] Speck 2f model initialized.
[2024-02-06 11:07:29.646] [Speck2fBoards] [info] Speck 2f dev kit initialized.
[2024-02-06 11:07:32.405] [Speck2fBoards] [info] Speck 2f model initialized.
[2024-02-06 11:10:15.314] [Speck2fBoards] [info] Speck 2f dev kit initialized.
[2024-02-06 11:10:18.083] [Speck2fBoards] [info] Speck 2f model initialized.
[2024-02-06 11:14:18.535] [Speck2fBoards] [info] Speck 2f dev kit initialized.
[2024-02-06 11:14:21.298] [Speck2fBoards] [info] Speck 2f model initialized.
[2024-02-06 11:34:33.439] [Graph] [warning] Graph is destroyed while running! Note: Filter nodes constructed by `sequential` method won't work after corresponding graph is destroyed and please manually stop the graph after use.
[2024-02-06 11:36:09.682] [Speck2fBoards] [info] Speck 2f dev kit initialized.
[2024-02-06 11:38:18.339] [Speck2fBoards] [info] Speck 2f dev kit initialized.
[2024-02-06 11:38:21.108] [Speck2fBoards] [info] Speck 2f model initialized.
[2024-02-06 11:38:22.588] [Graph] [warning] Graph is destroyed while running! Note: Filter nodes constructed by `sequential` method won't work after corresponding graph is destroyed and please manually stop the graph after use.
[2024-02-06 11:41:05.093] [Speck2fBoards] [info] Speck 2f dev kit initialized.
[2024-02-06 11:43:15.563] [Speck2fBoards] [info] Speck 2f dev kit initialized.
[2024-02-06 11:43:18.321] [Speck2fBoards] [info] Speck 2f model initialized.
[2024-02-06 11:46:46.257] [Speck2fBoards] [info] Speck 2f dev kit initialized.
[2024-02-06 11:46:49.016] [Speck2fBoards] [info] Speck 2f model initialized.
[2024-02-06 11:50:11.120] [Speck2fBoards] [info] Speck 2f dev kit initialized.
[2024-02-06 11:50:13.882] [Speck2fBoards] [info] Speck 2f model initialized.
[2024-02-06 11:56:27.833] [Speck2fBoards] [info] Speck 2f dev kit initialized.
[2024-02-06 11:56:30.609] [Speck2fBoards] [info] Speck 2f model initialized.
[2024-02-06 13:34:24.887] [Speck2fBoards] [info] Speck 2f dev kit initialized.
[2024-02-06 13:34:27.637] [Speck2fBoards] [info] Speck 2f model initialized.
[2024-02-06 13:37:55.453] [Speck2fBoards] [info] Speck 2f dev kit initialized.
[2024-02-06 13:37:58.218] [Speck2fBoards] [info] Speck 2f model initialized.
[2024-02-06 13:41:42.548] [Speck2fBoards] [info] Speck 2f dev kit initialized.
[2024-02-06 13:41:45.332] [Speck2fBoards] [info] Speck 2f model initialized.
[2024-02-06 13:44:23.176] [Speck2fBoards] [info] Speck 2f dev kit initialized.
[2024-02-06 13:44:25.937] [Speck2fBoards] [info] Speck 2f model initialized.
[2024-02-06 13:48:31.266] [Speck2fBoards] [info] Speck 2f dev kit initialized.
[2024-02-06 13:48:34.053] [Speck2fBoards] [info] Speck 2f model initialized.
[2024-02-06 13:54:52.941] [Speck2fBoards] [info] Speck 2f dev kit initialized.
[2024-02-06 13:54:55.699] [Speck2fBoards] [info] Speck 2f model initialized.
[2024-02-06 14:03:39.697] [Speck2fBoards] [info] Speck 2f dev kit initialized.
[2024-02-06 14:03:42.453] [Speck2fBoards] [info] Speck 2f model initialized.
[2024-02-06 14:09:23.938] [Speck2fBoards] [info] Speck 2f dev kit initialized.
[2024-02-06 14:09:26.714] [Speck2fBoards] [info] Speck 2f model initialized.
[2024-02-06 14:12:52.700] [Speck2fBoards] [info] Speck 2f dev kit initialized.
[2024-02-06 14:12:55.468] [Speck2fBoards] [info] Speck 2f model initialized.
[2024-02-06 14:16:45.039] [Speck2fBoards] [info] Speck 2f dev kit initialized.
[2024-02-06 14:16:47.817] [Speck2fBoards] [info] Speck 2f model initialized.
[2024-02-06 14:20:14.093] [Speck2fBoards] [info] Speck 2f dev kit initialized.
[2024-02-06 14:20:16.881] [Speck2fBoards] [info] Speck 2f model initialized.
[2024-02-06 14:23:24.447] [Speck2fBoards] [info] Speck 2f dev kit initialized.
[2024-02-06 14:23:27.215] [Speck2fBoards] [info] Speck 2f model initialized.
[2024-02-06 14:26:01.504] [Speck2fBoards] [info] Speck 2f dev kit initialized.
[2024-02-06 14:26:04.290] [Speck2fBoards] [info] Speck 2f model initialized.
[2024-02-06 14:30:04.182] [Speck2fBoards] [info] Speck 2f dev kit initialized.
[2024-02-06 14:30:06.957] [Speck2fBoards] [info] Speck 2f model initialized.
[2024-02-06 14:34:43.512] [Speck2fBoards] [info] Speck 2f dev kit initialized.
[2024-02-06 14:34:46.273] [Speck2fBoards] [info] Speck 2f model initialized.
[2024-02-06 14:37:43.590] [Speck2fBoards] [info] Speck 2f dev kit initialized.
[2024-02-06 14:37:46.356] [Speck2fBoards] [info] Speck 2f model initialized.
[2024-02-06 14:42:08.591] [Speck2fBoards] [info] Speck 2f dev kit initialized.
[2024-02-06 14:42:11.363] [Speck2fBoards] [info] Speck 2f model initialized.
[2024-02-06 14:47:52.564] [Speck2fBoards] [info] Speck 2f dev kit initialized.
[2024-02-06 14:47:55.321] [Speck2fBoards] [info] Speck 2f model initialized.
[2024-02-06 14:54:09.499] [Speck2fBoards] [info] Speck 2f dev kit initialized.
[2024-02-06 14:54:12.258] [Speck2fBoards] [info] Speck 2f model initialized.
[2024-02-06 14:57:55.677] [Speck2fBoards] [info] Speck 2f dev kit initialized.
[2024-02-06 14:57:58.458] [Speck2fBoards] [info] Speck 2f model initialized.
[2024-02-06 15:01:51.917] [Speck2fBoards] [info] Speck 2f dev kit initialized.
[2024-02-06 15:01:54.670] [Speck2fBoards] [info] Speck 2f model initialized.
[2024-02-06 15:03:49.340] [Speck2fBoards] [info] Speck 2f dev kit initialized.
[2024-02-06 15:03:52.108] [Speck2fBoards] [info] Speck 2f model initialized.
[2024-02-06 15:10:27.248] [Speck2fBoards] [info] Speck 2f dev kit initialized.
[2024-02-06 15:10:30.018] [Speck2fBoards] [info] Speck 2f model initialized.
[2024-02-06 15:12:55.532] [Speck2fBoards] [info] Speck 2f dev kit initialized.
[2024-02-06 15:12:58.289] [Speck2fBoards] [info] Speck 2f model initialized.
[2024-02-06 15:15:22.149] [Speck2fBoards] [info] Speck 2f dev kit initialized.
[2024-02-06 15:15:24.916] [Speck2fBoards] [info] Speck 2f model initialized.
[2024-02-06 15:20:04.523] [Speck2fBoards] [info] Speck 2f dev kit initialized.
[2024-02-06 15:20:07.278] [Speck2fBoards] [info] Speck 2f model initialized.
[2024-02-06 15:29:05.711] [Speck2fBoards] [info] Speck 2f dev kit initialized.
[2024-02-06 15:29:08.465] [Speck2fBoards] [info] Speck 2f model initialized.
[2024-02-06 15:40:52.800] [Speck2fBoards] [info] Speck 2f dev kit initialized.
[2024-02-06 15:40:55.558] [Speck2fBoards] [info] Speck 2f model initialized.
[2024-02-06 15:46:09.183] [Speck2fBoards] [info] Speck 2f dev kit initialized.
[2024-02-06 15:46:11.946] [Speck2fBoards] [info] Speck 2f model initialized.
[2024-02-06 15:49:32.549] [Speck2fBoards] [info] Speck 2f dev kit initialized.
[2024-02-06 15:49:35.301] [Speck2fBoards] [info] Speck 2f model initialized.
[2024-02-06 15:53:12.935] [Speck2fBoards] [info] Speck 2f dev kit initialized.
[2024-02-06 15:53:15.706] [Speck2fBoards] [info] Speck 2f model initialized.
[2024-02-06 17:42:52.538] [Speck2fBoards] [info] Speck 2f dev kit initialized.
[2024-02-06 17:42:55.311] [Speck2fBoards] [info] Speck 2f model initialized.
[2024-02-07 11:34:14.957] [Speck2fBoards] [info] Speck 2f dev kit initialized.
[2024-02-07 11:34:17.723] [Speck2fBoards] [info] Speck 2f model initialized.
[2024-02-07 11:35:05.415] [Speck2fBoards] [info] Speck 2f dev kit initialized.
[2024-02-07 11:35:08.180] [Speck2fBoards] [info] Speck 2f model initialized.
[2024-02-07 12:07:59.141] [Speck2fBoards] [info] Speck 2f dev kit initialized.
[2024-02-07 12:08:01.941] [Speck2fBoards] [info] Speck 2f model initialized.
[2024-02-07 13:40:58.786] [Speck2fBoards] [info] Speck 2f dev kit initialized.
[2024-02-07 13:41:01.555] [Speck2fBoards] [info] Speck 2f model initialized.
[2024-02-07 13:45:03.683] [Speck2fBoards] [info] Speck 2f dev kit initialized.
[2024-02-07 13:45:06.434] [Speck2fBoards] [info] Speck 2f model initialized.
[2024-02-07 13:48:19.574] [Speck2fBoards] [info] Speck 2f dev kit initialized.
[2024-02-07 13:48:22.336] [Speck2fBoards] [info] Speck 2f model initialized.
[2024-02-07 13:51:34.283] [Speck2fBoards] [info] Speck 2f dev kit initialized.
[2024-02-07 13:51:37.052] [Speck2fBoards] [info] Speck 2f model initialized.
[2024-02-07 13:55:01.979] [Speck2fBoards] [info] Speck 2f dev kit initialized.
[2024-02-07 13:55:04.737] [Speck2fBoards] [info] Speck 2f model initialized.
[2024-02-07 13:58:54.835] [Speck2fBoards] [info] Speck 2f dev kit initialized.
[2024-02-07 13:58:57.602] [Speck2fBoards] [info] Speck 2f model initialized.
[2024-02-07 14:02:16.743] [Speck2fBoards] [info] Speck 2f dev kit initialized.
[2024-02-07 14:02:19.530] [Speck2fBoards] [info] Speck 2f model initialized.
[2024-02-07 14:05:30.946] [Speck2fBoards] [info] Speck 2f dev kit initialized.
[2024-02-07 14:05:33.709] [Speck2fBoards] [info] Speck 2f model initialized.
[2024-02-07 14:08:08.209] [Speck2fBoards] [info] Speck 2f dev kit initialized.
[2024-02-07 14:08:10.972] [Speck2fBoards] [info] Speck 2f model initialized.
[2024-02-07 14:15:52.646] [Speck2fBoards] [info] Speck 2f dev kit initialized.
[2024-02-07 14:15:55.407] [Speck2fBoards] [info] Speck 2f model initialized.
[2024-02-07 14:18:23.225] [Speck2fBoards] [info] Speck 2f dev kit initialized.
[2024-02-07 14:18:25.983] [Speck2fBoards] [info] Speck 2f model initialized.
[2024-02-07 14:20:56.481] [Speck2fBoards] [info] Speck 2f dev kit initialized.
[2024-02-07 14:20:59.241] [Speck2fBoards] [info] Speck 2f model initialized.
[2024-02-07 14:23:32.949] [Speck2fBoards] [info] Speck 2f dev kit initialized.
[2024-02-07 14:23:35.714] [Speck2fBoards] [info] Speck 2f model initialized.
[2024-02-07 14:29:48.609] [Speck2fBoards] [info] Speck 2f dev kit initialized.
[2024-02-07 14:29:51.370] [Speck2fBoards] [info] Speck 2f model initialized.
[2024-02-07 14:35:58.279] [Speck2fBoards] [info] Speck 2f dev kit initialized.
[2024-02-07 14:36:01.034] [Speck2fBoards] [info] Speck 2f model initialized.
[2024-02-07 14:38:30.349] [Speck2fBoards] [info] Speck 2f dev kit initialized.
[2024-02-07 14:38:33.116] [Speck2fBoards] [info] Speck 2f model initialized.
[2024-02-07 14:49:08.124] [Speck2fBoards] [info] Speck 2f dev kit initialized.
[2024-02-07 14:49:10.887] [Speck2fBoards] [info] Speck 2f model initialized.
[2024-02-07 14:52:26.992] [Speck2fBoards] [info] Speck 2f dev kit initialized.
[2024-02-07 14:52:29.756] [Speck2fBoards] [info] Speck 2f model initialized.
[2024-02-14 15:28:19.199] [Speck2fBoards] [info] Speck 2f dev kit initialized.
[2024-02-14 15:28:21.974] [Speck2fBoards] [info] Speck 2f model initialized.
[2024-02-14 15:28:43.791] [Graph] [warning] Graph is destroyed while running! Note: Filter nodes constructed by `sequential` method won't work after corresponding graph is destroyed and please manually stop the graph after use.
[2024-02-14 15:30:57.300] [Speck2fBoards] [info] Speck 2f dev kit initialized.
[2024-02-14 15:33:37.029] [Speck2fBoards] [info] Speck 2f dev kit initialized.
[2024-02-14 15:33:39.800] [Speck2fBoards] [info] Speck 2f model initialized.
[2024-02-14 15:53:26.366] [Speck2fBoards] [info] Speck 2f dev kit initialized.
[2024-02-14 15:53:29.123] [Speck2fBoards] [info] Speck 2f model initialized.
[2024-02-14 16:05:55.662] [Speck2fBoards] [info] Speck 2f dev kit initialized.
[2024-02-14 16:05:58.429] [Speck2fBoards] [info] Speck 2f model initialized.
[2024-02-19 10:50:38.723] [Speck2fBoards] [info] Speck 2f dev kit initialized.
[2024-02-19 10:50:41.487] [Speck2fBoards] [info] Speck 2f model initialized.
[2024-02-19 10:51:03.173] [Graph] [warning] Graph is destroyed while running! Note: Filter nodes constructed by `sequential` method won't work after corresponding graph is destroyed and please manually stop the graph after use.
[2024-02-19 10:55:27.058] [Speck2fBoards] [info] Speck 2f dev kit initialized.
[2024-02-19 10:55:59.089] [Speck2fBoards] [info] Speck 2f dev kit initialized.
[2024-02-19 10:56:01.857] [Speck2fBoards] [info] Speck 2f model initialized.
[2024-02-19 10:59:24.693] [Graph] [warning] Graph is destroyed while running! Note: Filter nodes constructed by `sequential` method won't work after corresponding graph is destroyed and please manually stop the graph after use.
[2024-02-19 10:59:28.948] [Speck2fBoards] [info] Speck 2f dev kit initialized.
[2024-02-19 10:59:31.713] [Speck2fBoards] [info] Speck 2f model initialized.
[2024-02-19 11:00:04.749] [Graph] [warning] Graph is destroyed while running! Note: Filter nodes constructed by `sequential` method won't work after corresponding graph is destroyed and please manually stop the graph after use.
[2024-02-19 11:00:07.863] [Speck2fBoards] [info] Speck 2f dev kit initialized.
[2024-02-19 11:00:12.469] [Speck2fBoards] [info] Speck 2f dev kit initialized.
[2024-02-19 11:00:15.238] [Speck2fBoards] [info] Speck 2f model initialized.
[2024-02-19 11:00:48.991] [Graph] [warning] Graph is destroyed while running! Note: Filter nodes constructed by `sequential` method won't work after corresponding graph is destroyed and please manually stop the graph after use.
[2024-02-19 11:02:12.046] [Speck2fBoards] [info] Speck 2f dev kit initialized.
[2024-02-19 11:02:26.929] [Speck2fBoards] [info] Speck 2f dev kit initialized.
[2024-02-19 11:04:00.019] [Speck2fBoards] [info] Speck 2f dev kit initialized.
[2024-02-19 11:04:02.782] [Speck2fBoards] [info] Speck 2f model initialized.
[2024-02-19 16:35:34.330] [Graph] [warning] Graph is destroyed while running! Note: Filter nodes constructed by `sequential` method won't work after corresponding graph is destroyed and please manually stop the graph after use.
[2024-02-19 16:35:40.967] [Speck2fBoards] [info] Speck 2f dev kit initialized.
[2024-02-19 16:35:43.726] [Speck2fBoards] [info] Speck 2f model initialized.
[2024-02-19 16:37:35.658] [Graph] [warning] Graph is destroyed while running! Note: Filter nodes constructed by `sequential` method won't work after corresponding graph is destroyed and please manually stop the graph after use.
[2024-02-19 16:37:59.919] [Speck2fBoards] [info] Speck 2f dev kit initialized.
[2024-02-19 16:38:02.685] [Speck2fBoards] [info] Speck 2f model initialized.
[2024-02-19 16:42:01.803] [Speck2fBoards] [info] Speck 2f dev kit initialized.
[2024-02-19 16:42:04.565] [Speck2fBoards] [info] Speck 2f model initialized.
[2024-02-19 16:48:48.804] [Graph] [warning] Graph is destroyed while running! Note: Filter nodes constructed by `sequential` method won't work after corresponding graph is destroyed and please manually stop the graph after use.
[2024-02-19 16:49:48.744] [Speck2fBoards] [info] Speck 2f dev kit initialized.
[2024-02-19 16:50:34.681] [Speck2fBoards] [info] Speck 2f dev kit initialized.
[2024-02-19 16:50:37.451] [Speck2fBoards] [info] Speck 2f model initialized.
[2024-02-19 16:50:41.327] [Speck2fBoards] [info] Speck 2f dev kit initialized.
[2024-02-19 16:50:44.096] [Speck2fBoards] [info] Speck 2f model initialized.
[2024-02-19 16:54:17.713] [Graph] [warning] Graph is destroyed while running! Note: Filter nodes constructed by `sequential` method won't work after corresponding graph is destroyed and please manually stop the graph after use.
[2024-02-19 16:54:20.130] [Speck2fBoards] [info] Speck 2f dev kit initialized.
[2024-02-19 16:54:27.488] [Speck2fBoards] [info] Speck 2f dev kit initialized.
[2024-02-19 16:54:30.251] [Speck2fBoards] [info] Speck 2f model initialized.
[2024-02-19 17:06:13.110] [Speck2fBoards] [info] Speck 2f dev kit initialized.
[2024-02-19 17:06:15.873] [Speck2fBoards] [info] Speck 2f model initialized.
[2024-02-19 17:11:12.982] [Graph] [warning] Graph is destroyed while running! Note: Filter nodes constructed by `sequential` method won't work after corresponding graph is destroyed and please manually stop the graph after use.
[2024-02-19 17:11:15.338] [Speck2fBoards] [info] Speck 2f dev kit initialized.
[2024-02-19 17:11:18.101] [Speck2fBoards] [info] Speck 2f model initialized.
[2024-02-19 17:11:43.300] [Graph] [warning] Graph is destroyed while running! Note: Filter nodes constructed by `sequential` method won't work after corresponding graph is destroyed and please manually stop the graph after use.
[2024-02-19 17:12:02.802] [Speck2fBoards] [info] Speck 2f dev kit initialized.
[2024-02-19 17:12:05.582] [Speck2fBoards] [info] Speck 2f model initialized.
[2024-02-19 17:15:48.675] [Speck2fBoards] [info] Speck 2f dev kit initialized.
[2024-02-19 17:15:51.459] [Speck2fBoards] [info] Speck 2f model initialized.
[2024-02-19 17:22:23.910] [Speck2fBoards] [info] Speck 2f dev kit initialized.
[2024-02-19 17:22:26.684] [Speck2fBoards] [info] Speck 2f model initialized.
[2024-03-08 15:28:09.186] [Speck2fBoards] [info] Speck 2f dev kit initialized.
[2024-03-08 15:28:11.946] [Speck2fBoards] [info] Speck 2f model initialized.
[2024-03-08 15:40:42.860] [Speck2fBoards] [info] Speck 2f dev kit initialized.
[2024-03-08 15:40:45.633] [Speck2fBoards] [info] Speck 2f model initialized.
[2024-03-08 15:42:39.888] [Speck2fBoards] [info] Speck 2f dev kit initialized.
[2024-03-08 15:42:42.657] [Speck2fBoards] [info] Speck 2f model initialized.
[2024-03-08 15:43:53.259] [Speck2fBoards] [info] Speck 2f dev kit initialized.
[2024-03-08 15:43:56.031] [Speck2fBoards] [info] Speck 2f model initialized.
[2024-03-08 16:02:58.087] [Speck2fBoards] [info] Speck 2f dev kit initialized.
[2024-03-08 16:03:00.854] [Speck2fBoards] [info] Speck 2f model initialized.
[2024-03-08 16:03:58.271] [Speck2fBoards] [info] Speck 2f dev kit initialized.
[2024-03-08 16:04:01.023] [Speck2fBoards] [info] Speck 2f model initialized.
[2024-03-08 16:07:51.265] [Speck2fBoards] [info] Speck 2f dev kit initialized.
[2024-03-08 16:07:54.030] [Speck2fBoards] [info] Speck 2f model initialized.
[2024-03-08 16:09:14.978] [Speck2fBoards] [info] Speck 2f dev kit initialized.
[2024-03-08 16:09:17.763] [Speck2fBoards] [info] Speck 2f model initialized.
[2024-03-08 16:14:48.430] [Speck2fBoards] [info] Speck 2f dev kit initialized.
[2024-03-08 16:14:51.198] [Speck2fBoards] [info] Speck 2f model initialized.
[2024-03-12 15:55:13.964] [Speck2fBoards] [info] Speck 2f dev kit initialized.
[2024-03-12 15:55:16.724] [Speck2fBoards] [info] Speck 2f model initialized.
[2024-03-12 16:06:33.220] [Speck2fBoards] [info] Speck 2f dev kit initialized.
[2024-03-12 16:06:35.981] [Speck2fBoards] [info] Speck 2f model initialized.
[2024-03-12 17:05:28.189] [Speck2fBoards] [info] Speck 2f dev kit initialized.
[2024-03-12 17:05:30.952] [Speck2fBoards] [info] Speck 2f model initialized.
[2024-03-12 17:08:17.146] [Speck2fBoards] [info] Speck 2f dev kit initialized.
[2024-03-12 17:08:19.919] [Speck2fBoards] [info] Speck 2f model initialized.
[2024-03-12 17:10:06.264] [Speck2fBoards] [info] Speck 2f dev kit initialized.
[2024-03-12 17:10:09.040] [Speck2fBoards] [info] Speck 2f model initialized.
[2024-03-12 17:11:38.870] [Speck2fBoards] [info] Speck 2f dev kit initialized.
[2024-03-12 17:11:41.639] [Speck2fBoards] [info] Speck 2f model initialized.
[2024-03-12 17:50:07.174] [Speck2fBoards] [info] Speck 2f dev kit initialized.
[2024-03-12 17:50:09.948] [Speck2fBoards] [info] Speck 2f model initialized.
[2024-03-12 17:56:36.200] [Speck2fBoards] [info] Speck 2f dev kit initialized.
[2024-03-12 17:56:38.965] [Speck2fBoards] [info] Speck 2f model initialized.
[2024-03-12 17:58:07.375] [Speck2fBoards] [info] Speck 2f dev kit initialized.
[2024-03-12 17:58:10.139] [Speck2fBoards] [info] Speck 2f model initialized.
[2024-03-13 10:17:48.000] [Speck2fBoards] [info] Speck 2f dev kit initialized.
[2024-03-13 10:17:50.762] [Speck2fBoards] [info] Speck 2f model initialized.
[2024-03-13 10:18:57.356] [Speck2fBoards] [info] Speck 2f dev kit initialized.
[2024-03-13 10:19:00.120] [Speck2fBoards] [info] Speck 2f model initialized.
[2024-03-13 15:42:19.379] [Speck2fBoards] [info] Speck 2f dev kit initialized.
[2024-03-13 15:42:22.162] [Speck2fBoards] [info] Speck 2f model initialized.
[2024-03-13 15:44:45.897] [Speck2fBoards] [info] Speck 2f dev kit initialized.
[2024-03-13 15:44:48.665] [Speck2fBoards] [info] Speck 2f model initialized.
[2024-03-13 15:48:17.166] [Speck2fBoards] [info] Speck 2f dev kit initialized.
[2024-03-13 15:48:19.951] [Speck2fBoards] [info] Speck 2f model initialized.
[2024-03-13 15:50:15.754] [Speck2fBoards] [info] Speck 2f dev kit initialized.
[2024-03-13 15:50:18.513] [Speck2fBoards] [info] Speck 2f model initialized.
[2024-03-13 15:51:34.313] [Speck2fBoards] [info] Speck 2f dev kit initialized.
[2024-03-13 15:51:37.076] [Speck2fBoards] [info] Speck 2f model initialized.
[2024-03-13 15:52:53.723] [Speck2fBoards] [info] Speck 2f dev kit initialized.
[2024-03-13 15:52:56.485] [Speck2fBoards] [info] Speck 2f model initialized.
[2024-03-13 15:55:18.178] [Speck2fBoards] [info] Speck 2f dev kit initialized.
[2024-03-13 15:55:20.936] [Speck2fBoards] [info] Speck 2f model initialized.
[2024-03-13 15:57:53.857] [Speck2fBoards] [info] Speck 2f dev kit initialized.
[2024-03-13 15:57:56.609] [Speck2fBoards] [info] Speck 2f model initialized.
[2024-03-13 16:12:53.933] [Speck2fBoards] [info] Speck 2f dev kit initialized.
[2024-03-13 16:12:56.711] [Speck2fBoards] [info] Speck 2f model initialized.
[2024-03-13 16:15:55.806] [Speck2fBoards] [info] Speck 2f dev kit initialized.
[2024-03-13 16:15:58.571] [Speck2fBoards] [info] Speck 2f model initialized.
[2024-03-13 16:17:06.179] [Speck2fBoards] [info] Speck 2f dev kit initialized.
[2024-03-13 16:17:08.941] [Speck2fBoards] [info] Speck 2f model initialized.
[2024-03-13 16:18:17.152] [Speck2fBoards] [info] Speck 2f dev kit initialized.
[2024-03-13 16:18:19.932] [Speck2fBoards] [info] Speck 2f model initialized.
[2024-03-13 16:19:30.433] [Speck2fBoards] [info] Speck 2f dev kit initialized.
[2024-03-13 16:19:33.215] [Speck2fBoards] [info] Speck 2f model initialized.
[2024-03-13 16:21:04.480] [Speck2fBoards] [info] Speck 2f dev kit initialized.
[2024-03-13 16:21:07.245] [Speck2fBoards] [info] Speck 2f model initialized.
[2024-03-13 16:22:18.546] [Speck2fBoards] [info] Speck 2f dev kit initialized.
[2024-03-13 16:22:21.318] [Speck2fBoards] [info] Speck 2f model initialized.
[2024-03-13 16:23:33.064] [Speck2fBoards] [info] Speck 2f dev kit initialized.
[2024-03-13 16:23:35.849] [Speck2fBoards] [info] Speck 2f model initialized.
[2024-03-13 16:24:44.883] [Speck2fBoards] [info] Speck 2f dev kit initialized.
[2024-03-13 16:24:47.640] [Speck2fBoards] [info] Speck 2f model initialized.
[2024-03-13 16:25:50.046] [Speck2fBoards] [info] Speck 2f dev kit initialized.
[2024-03-13 16:25:52.805] [Speck2fBoards] [info] Speck 2f model initialized.
[2024-03-13 16:26:58.430] [Speck2fBoards] [info] Speck 2f dev kit initialized.
[2024-03-13 16:27:01.186] [Speck2fBoards] [info] Speck 2f model initialized.
[2024-03-13 16:28:17.146] [Speck2fBoards] [info] Speck 2f dev kit initialized.
[2024-03-13 16:28:19.900] [Speck2fBoards] [info] Speck 2f model initialized.
[2024-03-13 16:31:34.936] [Speck2fBoards] [info] Speck 2f dev kit initialized.
[2024-03-13 16:31:37.740] [Speck2fBoards] [info] Speck 2f model initialized.
[2024-03-13 16:32:55.345] [Speck2fBoards] [info] Speck 2f dev kit initialized.
[2024-03-13 16:32:58.122] [Speck2fBoards] [info] Speck 2f model initialized.
[2024-03-13 16:35:33.740] [Speck2fBoards] [info] Speck 2f dev kit initialized.
[2024-03-13 16:35:36.500] [Speck2fBoards] [info] Speck 2f model initialized.
